<?xml version="1.0" encoding="UTF-8"?>
<testsuite xmlns:xsi="http://www.w3.org/2001/XMLSchema-instance" xsi:noNamespaceSchemaLocation="https://maven.apache.org/surefire/maven-surefire-plugin/xsd/surefire-test-report-3.0.xsd" version="3.0" name="com.catpoint.jpnd.securityService.service.SecurityServiceTest" time="1.52" tests="8" errors="0" skipped="0" failures="0">
  <properties>
    <property name="java.specification.version" value="17"/>
    <property name="sun.cpu.isalist" value="amd64"/>
    <property name="sun.jnu.encoding" value="Cp1252"/>
    <property name="java.class.path" value="C:\Users\CHARLES OBINNA IRO\IdeaProjects\CatpointAppProject3Javaprogramming\catpointParent\securityService\target\test-classes;C:\Users\CHARLES OBINNA IRO\.m2\repository\com\google\guava\failureaccess\1.0.1\failureaccess-1.0.1.jar;C:\Users\CHARLES OBINNA IRO\.m2\repository\com\google\guava\listenablefuture\9999.0-empty-to-avoid-conflict-with-guava\listenablefuture-9999.0-empty-to-avoid-conflict-with-guava.jar;C:\Users\CHARLES OBINNA IRO\.m2\repository\com\google\code\findbugs\jsr305\3.0.2\jsr305-3.0.2.jar;C:\Users\CHARLES OBINNA IRO\.m2\repository\org\checkerframework\checker-qual\3.12.0\checker-qual-3.12.0.jar;C:\Users\CHARLES OBINNA IRO\.m2\repository\com\google\errorprone\error_prone_annotations\2.11.0\error_prone_annotations-2.11.0.jar;C:\Users\CHARLES OBINNA IRO\.m2\repository\com\google\j2objc\j2objc-annotations\1.3\j2objc-annotations-1.3.jar;C:\Users\CHARLES OBINNA IRO\.m2\repository\org\slf4j\slf4j-jdk14\1.5.6\slf4j-jdk14-1.5.6.jar;C:\Users\CHARLES OBINNA IRO\.m2\repository\software\amazon\awssdk\annotations\2.17.157\annotations-2.17.157.jar;C:\Users\CHARLES OBINNA IRO\.m2\repository\software\amazon\awssdk\utils\2.17.157\utils-2.17.157.jar;C:\Users\CHARLES OBINNA IRO\.m2\repository\org\reactivestreams\reactive-streams\1.0.3\reactive-streams-1.0.3.jar;C:\Users\CHARLES OBINNA IRO\.m2\repository\software\amazon\awssdk\profiles\2.17.157\profiles-2.17.157.jar;C:\Users\CHARLES OBINNA IRO\.m2\repository\software\amazon\awssdk\http-client-spi\2.17.157\http-client-spi-2.17.157.jar;C:\Users\CHARLES OBINNA IRO\.m2\repository\software\amazon\awssdk\json-utils\2.17.157\json-utils-2.17.157.jar;C:\Users\CHARLES OBINNA IRO\.m2\repository\software\amazon\awssdk\third-party-jackson-core\2.17.157\third-party-jackson-core-2.17.157.jar;C:\Users\CHARLES OBINNA IRO\.m2\repository\software\amazon\eventstream\eventstream\1.0.1\eventstream-1.0.1.jar;C:\Users\CHARLES OBINNA IRO\.m2\repository\software\amazon\awscdk\core\1.151.0\core-1.151.0.jar;C:\Users\CHARLES OBINNA IRO\.m2\repository\software\amazon\awscdk\cdk-cloud-assembly-schema\1.151.0\cdk-cloud-assembly-schema-1.151.0.jar;C:\Users\CHARLES OBINNA IRO\.m2\repository\software\amazon\awscdk\cdk-cx-api\1.151.0\cdk-cx-api-1.151.0.jar;C:\Users\CHARLES OBINNA IRO\.m2\repository\software\amazon\awscdk\cdk-region-info\1.151.0\cdk-region-info-1.151.0.jar;C:\Users\CHARLES OBINNA IRO\.m2\repository\software\constructs\constructs\3.3.269\constructs-3.3.269.jar;C:\Users\CHARLES OBINNA IRO\.m2\repository\software\amazon\jsii\jsii-runtime\1.56.0\jsii-runtime-1.56.0.jar;C:\Users\CHARLES OBINNA IRO\.m2\repository\com\fasterxml\jackson\core\jackson-core\2.11.4\jackson-core-2.11.4.jar;C:\Users\CHARLES OBINNA IRO\.m2\repository\com\fasterxml\jackson\core\jackson-databind\2.11.4\jackson-databind-2.11.4.jar;C:\Users\CHARLES OBINNA IRO\.m2\repository\com\fasterxml\jackson\core\jackson-annotations\2.11.4\jackson-annotations-2.11.4.jar;C:\Users\CHARLES OBINNA IRO\.m2\repository\org\jetbrains\annotations\19.0.0\annotations-19.0.0.jar;C:\Users\CHARLES OBINNA IRO\.m2\repository\javax\annotation\javax.annotation-api\1.3.2\javax.annotation-api-1.3.2.jar;C:\Users\CHARLES OBINNA IRO\.m2\repository\com\amazonaws\aws-java-sdk-core\1.12.192\aws-java-sdk-core-1.12.192.jar;C:\Users\CHARLES OBINNA IRO\.m2\repository\commons-logging\commons-logging\1.1.3\commons-logging-1.1.3.jar;C:\Users\CHARLES OBINNA IRO\.m2\repository\commons-codec\commons-codec\1.15\commons-codec-1.15.jar;C:\Users\CHARLES OBINNA IRO\.m2\repository\org\apache\httpcomponents\httpclient\4.5.13\httpclient-4.5.13.jar;C:\Users\CHARLES OBINNA IRO\.m2\repository\org\apache\httpcomponents\httpcore\4.4.13\httpcore-4.4.13.jar;C:\Users\CHARLES OBINNA IRO\.m2\repository\software\amazon\ion\ion-java\1.0.2\ion-java-1.0.2.jar;C:\Users\CHARLES OBINNA IRO\.m2\repository\com\fasterxml\jackson\dataformat\jackson-dataformat-cbor\2.12.6\jackson-dataformat-cbor-2.12.6.jar;C:\Users\CHARLES OBINNA IRO\.m2\repository\joda-time\joda-time\2.8.1\joda-time-2.8.1.jar;C:\Users\CHARLES OBINNA IRO\.m2\repository\com\miglayout\miglayout\3.7.4\miglayout-3.7.4.jar;C:\Users\CHARLES OBINNA IRO\.m2\repository\software\amazon\awssdk\sts\2.17.157\sts-2.17.157.jar;C:\Users\CHARLES OBINNA IRO\.m2\repository\software\amazon\awssdk\aws-query-protocol\2.17.157\aws-query-protocol-2.17.157.jar;C:\Users\CHARLES OBINNA IRO\.m2\repository\software\amazon\awssdk\protocol-core\2.17.157\protocol-core-2.17.157.jar;C:\Users\CHARLES OBINNA IRO\.m2\repository\software\amazon\awssdk\aws-core\2.17.157\aws-core-2.17.157.jar;C:\Users\CHARLES OBINNA IRO\.m2\repository\software\amazon\awssdk\metrics-spi\2.17.157\metrics-spi-2.17.157.jar;C:\Users\CHARLES OBINNA IRO\.m2\repository\software\amazon\awssdk\apache-client\2.17.157\apache-client-2.17.157.jar;C:\Users\CHARLES OBINNA IRO\.m2\repository\software\amazon\awssdk\netty-nio-client\2.17.157\netty-nio-client-2.17.157.jar;C:\Users\CHARLES OBINNA IRO\.m2\repository\io\netty\netty-codec-http\4.1.72.Final\netty-codec-http-4.1.72.Final.jar;C:\Users\CHARLES OBINNA IRO\.m2\repository\io\netty\netty-codec-http2\4.1.72.Final\netty-codec-http2-4.1.72.Final.jar;C:\Users\CHARLES OBINNA IRO\.m2\repository\io\netty\netty-codec\4.1.72.Final\netty-codec-4.1.72.Final.jar;C:\Users\CHARLES OBINNA IRO\.m2\repository\io\netty\netty-transport\4.1.72.Final\netty-transport-4.1.72.Final.jar;C:\Users\CHARLES OBINNA IRO\.m2\repository\io\netty\netty-resolver\4.1.72.Final\netty-resolver-4.1.72.Final.jar;C:\Users\CHARLES OBINNA IRO\.m2\repository\io\netty\netty-common\4.1.72.Final\netty-common-4.1.72.Final.jar;C:\Users\CHARLES OBINNA IRO\.m2\repository\io\netty\netty-buffer\4.1.72.Final\netty-buffer-4.1.72.Final.jar;C:\Users\CHARLES OBINNA IRO\.m2\repository\io\netty\netty-handler\4.1.72.Final\netty-handler-4.1.72.Final.jar;C:\Users\CHARLES OBINNA IRO\.m2\repository\io\netty\netty-tcnative-classes\2.0.46.Final\netty-tcnative-classes-2.0.46.Final.jar;C:\Users\CHARLES OBINNA IRO\.m2\repository\io\netty\netty-transport-classes-epoll\4.1.72.Final\netty-transport-classes-epoll-4.1.72.Final.jar;C:\Users\CHARLES OBINNA IRO\.m2\repository\io\netty\netty-transport-native-unix-common\4.1.72.Final\netty-transport-native-unix-common-4.1.72.Final.jar;C:\Users\CHARLES OBINNA IRO\.m2\repository\com\typesafe\netty\netty-reactive-streams-http\2.0.5\netty-reactive-streams-http-2.0.5.jar;C:\Users\CHARLES OBINNA IRO\.m2\repository\com\typesafe\netty\netty-reactive-streams\2.0.5\netty-reactive-streams-2.0.5.jar;C:\Users\CHARLES OBINNA IRO\.m2\repository\org\junit\jupiter\junit-jupiter\5.6.2\junit-jupiter-5.6.2.jar;C:\Users\CHARLES OBINNA IRO\.m2\repository\org\junit\jupiter\junit-jupiter-api\5.6.2\junit-jupiter-api-5.6.2.jar;C:\Users\CHARLES OBINNA IRO\.m2\repository\org\apiguardian\apiguardian-api\1.1.0\apiguardian-api-1.1.0.jar;C:\Users\CHARLES OBINNA IRO\.m2\repository\org\opentest4j\opentest4j\1.2.0\opentest4j-1.2.0.jar;C:\Users\CHARLES OBINNA IRO\.m2\repository\org\junit\platform\junit-platform-commons\1.6.2\junit-platform-commons-1.6.2.jar;C:\Users\CHARLES OBINNA IRO\.m2\repository\org\junit\jupiter\junit-jupiter-params\5.6.2\junit-jupiter-params-5.6.2.jar;C:\Users\CHARLES OBINNA IRO\.m2\repository\org\junit\jupiter\junit-jupiter-engine\5.6.2\junit-jupiter-engine-5.6.2.jar;C:\Users\CHARLES OBINNA IRO\.m2\repository\org\junit\platform\junit-platform-engine\1.6.2\junit-platform-engine-1.6.2.jar;C:\Users\CHARLES OBINNA IRO\.m2\repository\software\amazon\awssdk\aws-json-protocol\2.17.155\aws-json-protocol-2.17.155.jar;C:\Users\CHARLES OBINNA IRO\.m2\repository\com\google\collections\google-collections\1.0\google-collections-1.0.jar;C:\Users\CHARLES OBINNA IRO\.m2\repository\org\mockito\mockito-junit-jupiter\4.4.0\mockito-junit-jupiter-4.4.0.jar;C:\Users\CHARLES OBINNA IRO\.m2\repository\org\mockito\mockito-core\4.4.0\mockito-core-4.4.0.jar;C:\Users\CHARLES OBINNA IRO\.m2\repository\net\bytebuddy\byte-buddy\1.12.8\byte-buddy-1.12.8.jar;C:\Users\CHARLES OBINNA IRO\.m2\repository\net\bytebuddy\byte-buddy-agent\1.12.8\byte-buddy-agent-1.12.8.jar;C:\Users\CHARLES OBINNA IRO\.m2\repository\org\objenesis\objenesis\3.2\objenesis-3.2.jar;"/>
    <property name="java.vm.vendor" value="Oracle Corporation"/>
    <property name="sun.arch.data.model" value="64"/>
    <property name="user.variant" value=""/>
    <property name="java.vendor.url" value="https://java.oracle.com/"/>
    <property name="user.timezone" value="Europe/Berlin"/>
    <property name="os.name" value="Windows 10"/>
    <property name="java.vm.specification.version" value="17"/>
    <property name="sun.java.launcher" value="SUN_STANDARD"/>
    <property name="user.country" value="US"/>
    <property name="sun.boot.library.path" value="C:\Program Files\Java\jdk-17.0.1\bin"/>
    <property name="sun.java.command" value="org.apache.maven.surefire.booter.ForkedBooter C:\Users\CHARLES OBINNA IRO\AppData\Local\Temp\surefire6579539244421427458 2022-04-16T13-24-32_941-jvmRun1 surefire2980364800291722221tmp surefire_01484197415566917034tmp"/>
    <property name="jdk.debug" value="release"/>
    <property name="surefire.test.class.path" value="C:\Users\CHARLES OBINNA IRO\IdeaProjects\CatpointAppProject3Javaprogramming\catpointParent\securityService\target\test-classes;C:\Users\CHARLES OBINNA IRO\.m2\repository\com\google\guava\failureaccess\1.0.1\failureaccess-1.0.1.jar;C:\Users\CHARLES OBINNA IRO\.m2\repository\com\google\guava\listenablefuture\9999.0-empty-to-avoid-conflict-with-guava\listenablefuture-9999.0-empty-to-avoid-conflict-with-guava.jar;C:\Users\CHARLES OBINNA IRO\.m2\repository\com\google\code\findbugs\jsr305\3.0.2\jsr305-3.0.2.jar;C:\Users\CHARLES OBINNA IRO\.m2\repository\org\checkerframework\checker-qual\3.12.0\checker-qual-3.12.0.jar;C:\Users\CHARLES OBINNA IRO\.m2\repository\com\google\errorprone\error_prone_annotations\2.11.0\error_prone_annotations-2.11.0.jar;C:\Users\CHARLES OBINNA IRO\.m2\repository\com\google\j2objc\j2objc-annotations\1.3\j2objc-annotations-1.3.jar;C:\Users\CHARLES OBINNA IRO\.m2\repository\org\slf4j\slf4j-jdk14\1.5.6\slf4j-jdk14-1.5.6.jar;C:\Users\CHARLES OBINNA IRO\.m2\repository\software\amazon\awssdk\annotations\2.17.157\annotations-2.17.157.jar;C:\Users\CHARLES OBINNA IRO\.m2\repository\software\amazon\awssdk\utils\2.17.157\utils-2.17.157.jar;C:\Users\CHARLES OBINNA IRO\.m2\repository\org\reactivestreams\reactive-streams\1.0.3\reactive-streams-1.0.3.jar;C:\Users\CHARLES OBINNA IRO\.m2\repository\software\amazon\awssdk\profiles\2.17.157\profiles-2.17.157.jar;C:\Users\CHARLES OBINNA IRO\.m2\repository\software\amazon\awssdk\http-client-spi\2.17.157\http-client-spi-2.17.157.jar;C:\Users\CHARLES OBINNA IRO\.m2\repository\software\amazon\awssdk\json-utils\2.17.157\json-utils-2.17.157.jar;C:\Users\CHARLES OBINNA IRO\.m2\repository\software\amazon\awssdk\third-party-jackson-core\2.17.157\third-party-jackson-core-2.17.157.jar;C:\Users\CHARLES OBINNA IRO\.m2\repository\software\amazon\eventstream\eventstream\1.0.1\eventstream-1.0.1.jar;C:\Users\CHARLES OBINNA IRO\.m2\repository\software\amazon\awscdk\core\1.151.0\core-1.151.0.jar;C:\Users\CHARLES OBINNA IRO\.m2\repository\software\amazon\awscdk\cdk-cloud-assembly-schema\1.151.0\cdk-cloud-assembly-schema-1.151.0.jar;C:\Users\CHARLES OBINNA IRO\.m2\repository\software\amazon\awscdk\cdk-cx-api\1.151.0\cdk-cx-api-1.151.0.jar;C:\Users\CHARLES OBINNA IRO\.m2\repository\software\amazon\awscdk\cdk-region-info\1.151.0\cdk-region-info-1.151.0.jar;C:\Users\CHARLES OBINNA IRO\.m2\repository\software\constructs\constructs\3.3.269\constructs-3.3.269.jar;C:\Users\CHARLES OBINNA IRO\.m2\repository\software\amazon\jsii\jsii-runtime\1.56.0\jsii-runtime-1.56.0.jar;C:\Users\CHARLES OBINNA IRO\.m2\repository\com\fasterxml\jackson\core\jackson-core\2.11.4\jackson-core-2.11.4.jar;C:\Users\CHARLES OBINNA IRO\.m2\repository\com\fasterxml\jackson\core\jackson-databind\2.11.4\jackson-databind-2.11.4.jar;C:\Users\CHARLES OBINNA IRO\.m2\repository\com\fasterxml\jackson\core\jackson-annotations\2.11.4\jackson-annotations-2.11.4.jar;C:\Users\CHARLES OBINNA IRO\.m2\repository\org\jetbrains\annotations\19.0.0\annotations-19.0.0.jar;C:\Users\CHARLES OBINNA IRO\.m2\repository\javax\annotation\javax.annotation-api\1.3.2\javax.annotation-api-1.3.2.jar;C:\Users\CHARLES OBINNA IRO\.m2\repository\com\amazonaws\aws-java-sdk-core\1.12.192\aws-java-sdk-core-1.12.192.jar;C:\Users\CHARLES OBINNA IRO\.m2\repository\commons-logging\commons-logging\1.1.3\commons-logging-1.1.3.jar;C:\Users\CHARLES OBINNA IRO\.m2\repository\commons-codec\commons-codec\1.15\commons-codec-1.15.jar;C:\Users\CHARLES OBINNA IRO\.m2\repository\org\apache\httpcomponents\httpclient\4.5.13\httpclient-4.5.13.jar;C:\Users\CHARLES OBINNA IRO\.m2\repository\org\apache\httpcomponents\httpcore\4.4.13\httpcore-4.4.13.jar;C:\Users\CHARLES OBINNA IRO\.m2\repository\software\amazon\ion\ion-java\1.0.2\ion-java-1.0.2.jar;C:\Users\CHARLES OBINNA IRO\.m2\repository\com\fasterxml\jackson\dataformat\jackson-dataformat-cbor\2.12.6\jackson-dataformat-cbor-2.12.6.jar;C:\Users\CHARLES OBINNA IRO\.m2\repository\joda-time\joda-time\2.8.1\joda-time-2.8.1.jar;C:\Users\CHARLES OBINNA IRO\.m2\repository\com\miglayout\miglayout\3.7.4\miglayout-3.7.4.jar;C:\Users\CHARLES OBINNA IRO\.m2\repository\software\amazon\awssdk\sts\2.17.157\sts-2.17.157.jar;C:\Users\CHARLES OBINNA IRO\.m2\repository\software\amazon\awssdk\aws-query-protocol\2.17.157\aws-query-protocol-2.17.157.jar;C:\Users\CHARLES OBINNA IRO\.m2\repository\software\amazon\awssdk\protocol-core\2.17.157\protocol-core-2.17.157.jar;C:\Users\CHARLES OBINNA IRO\.m2\repository\software\amazon\awssdk\aws-core\2.17.157\aws-core-2.17.157.jar;C:\Users\CHARLES OBINNA IRO\.m2\repository\software\amazon\awssdk\metrics-spi\2.17.157\metrics-spi-2.17.157.jar;C:\Users\CHARLES OBINNA IRO\.m2\repository\software\amazon\awssdk\apache-client\2.17.157\apache-client-2.17.157.jar;C:\Users\CHARLES OBINNA IRO\.m2\repository\software\amazon\awssdk\netty-nio-client\2.17.157\netty-nio-client-2.17.157.jar;C:\Users\CHARLES OBINNA IRO\.m2\repository\io\netty\netty-codec-http\4.1.72.Final\netty-codec-http-4.1.72.Final.jar;C:\Users\CHARLES OBINNA IRO\.m2\repository\io\netty\netty-codec-http2\4.1.72.Final\netty-codec-http2-4.1.72.Final.jar;C:\Users\CHARLES OBINNA IRO\.m2\repository\io\netty\netty-codec\4.1.72.Final\netty-codec-4.1.72.Final.jar;C:\Users\CHARLES OBINNA IRO\.m2\repository\io\netty\netty-transport\4.1.72.Final\netty-transport-4.1.72.Final.jar;C:\Users\CHARLES OBINNA IRO\.m2\repository\io\netty\netty-resolver\4.1.72.Final\netty-resolver-4.1.72.Final.jar;C:\Users\CHARLES OBINNA IRO\.m2\repository\io\netty\netty-common\4.1.72.Final\netty-common-4.1.72.Final.jar;C:\Users\CHARLES OBINNA IRO\.m2\repository\io\netty\netty-buffer\4.1.72.Final\netty-buffer-4.1.72.Final.jar;C:\Users\CHARLES OBINNA IRO\.m2\repository\io\netty\netty-handler\4.1.72.Final\netty-handler-4.1.72.Final.jar;C:\Users\CHARLES OBINNA IRO\.m2\repository\io\netty\netty-tcnative-classes\2.0.46.Final\netty-tcnative-classes-2.0.46.Final.jar;C:\Users\CHARLES OBINNA IRO\.m2\repository\io\netty\netty-transport-classes-epoll\4.1.72.Final\netty-transport-classes-epoll-4.1.72.Final.jar;C:\Users\CHARLES OBINNA IRO\.m2\repository\io\netty\netty-transport-native-unix-common\4.1.72.Final\netty-transport-native-unix-common-4.1.72.Final.jar;C:\Users\CHARLES OBINNA IRO\.m2\repository\com\typesafe\netty\netty-reactive-streams-http\2.0.5\netty-reactive-streams-http-2.0.5.jar;C:\Users\CHARLES OBINNA IRO\.m2\repository\com\typesafe\netty\netty-reactive-streams\2.0.5\netty-reactive-streams-2.0.5.jar;C:\Users\CHARLES OBINNA IRO\.m2\repository\org\junit\jupiter\junit-jupiter\5.6.2\junit-jupiter-5.6.2.jar;C:\Users\CHARLES OBINNA IRO\.m2\repository\org\junit\jupiter\junit-jupiter-api\5.6.2\junit-jupiter-api-5.6.2.jar;C:\Users\CHARLES OBINNA IRO\.m2\repository\org\apiguardian\apiguardian-api\1.1.0\apiguardian-api-1.1.0.jar;C:\Users\CHARLES OBINNA IRO\.m2\repository\org\opentest4j\opentest4j\1.2.0\opentest4j-1.2.0.jar;C:\Users\CHARLES OBINNA IRO\.m2\repository\org\junit\platform\junit-platform-commons\1.6.2\junit-platform-commons-1.6.2.jar;C:\Users\CHARLES OBINNA IRO\.m2\repository\org\junit\jupiter\junit-jupiter-params\5.6.2\junit-jupiter-params-5.6.2.jar;C:\Users\CHARLES OBINNA IRO\.m2\repository\org\junit\jupiter\junit-jupiter-engine\5.6.2\junit-jupiter-engine-5.6.2.jar;C:\Users\CHARLES OBINNA IRO\.m2\repository\org\junit\platform\junit-platform-engine\1.6.2\junit-platform-engine-1.6.2.jar;C:\Users\CHARLES OBINNA IRO\.m2\repository\software\amazon\awssdk\aws-json-protocol\2.17.155\aws-json-protocol-2.17.155.jar;C:\Users\CHARLES OBINNA IRO\.m2\repository\com\google\collections\google-collections\1.0\google-collections-1.0.jar;C:\Users\CHARLES OBINNA IRO\.m2\repository\org\mockito\mockito-junit-jupiter\4.4.0\mockito-junit-jupiter-4.4.0.jar;C:\Users\CHARLES OBINNA IRO\.m2\repository\org\mockito\mockito-core\4.4.0\mockito-core-4.4.0.jar;C:\Users\CHARLES OBINNA IRO\.m2\repository\net\bytebuddy\byte-buddy\1.12.8\byte-buddy-1.12.8.jar;C:\Users\CHARLES OBINNA IRO\.m2\repository\net\bytebuddy\byte-buddy-agent\1.12.8\byte-buddy-agent-1.12.8.jar;C:\Users\CHARLES OBINNA IRO\.m2\repository\org\objenesis\objenesis\3.2\objenesis-3.2.jar;"/>
    <property name="sun.cpu.endian" value="little"/>
    <property name="user.home" value="C:\Users\CHARLES OBINNA IRO"/>
    <property name="user.language" value="en"/>
    <property name="java.specification.vendor" value="Oracle Corporation"/>
    <property name="jdk.module.path" value="C:\Users\CHARLES OBINNA IRO\IdeaProjects\CatpointAppProject3Javaprogramming\catpointParent\securityService\target\classes;C:\Users\CHARLES OBINNA IRO\IdeaProjects\CatpointAppProject3Javaprogramming\catpointParent\imageService\target\classes;C:\Users\CHARLES OBINNA IRO\.m2\repository\com\google\guava\guava\31.1-jre\guava-31.1-jre.jar;C:\Users\CHARLES OBINNA IRO\.m2\repository\org\slf4j\slf4j-api\1.7.5\slf4j-api-1.7.5.jar;C:\Users\CHARLES OBINNA IRO\.m2\repository\software\amazon\awssdk\auth\2.17.157\auth-2.17.157.jar;C:\Users\CHARLES OBINNA IRO\.m2\repository\software\amazon\awssdk\sdk-core\2.17.157\sdk-core-2.17.157.jar;C:\Users\CHARLES OBINNA IRO\.m2\repository\software\amazon\awssdk\regions\2.17.162\regions-2.17.162.jar;C:\Users\CHARLES OBINNA IRO\.m2\repository\com\miglayout\miglayout-swing\11.0\miglayout-swing-11.0.jar;C:\Users\CHARLES OBINNA IRO\.m2\repository\com\miglayout\miglayout-core\11.0\miglayout-core-11.0.jar;C:\Users\CHARLES OBINNA IRO\.m2\repository\software\amazon\awssdk\rekognition\2.17.155\rekognition-2.17.155.jar;C:\Users\CHARLES OBINNA IRO\.m2\repository\com\google\code\gson\gson\2.8.9\gson-2.8.9.jar"/>
    <property name="java.version.date" value="2021-10-19"/>
    <property name="java.home" value="C:\Program Files\Java\jdk-17.0.1"/>
    <property name="file.separator" value="\"/>
    <property name="basedir" value="C:\Users\CHARLES OBINNA IRO\IdeaProjects\CatpointAppProject3Javaprogramming\catpointParent\securityService"/>
    <property name="java.vm.compressedOopsMode" value="Zero based"/>
    <property name="line.separator" value="&#10;"/>
    <property name="java.vm.specification.vendor" value="Oracle Corporation"/>
    <property name="java.specification.name" value="Java Platform API Specification"/>
    <property name="surefire.real.class.path" value="C:\Users\CHARLES OBINNA IRO\.m2\repository\org\apache\maven\surefire\surefire-booter\3.0.0-M5\surefire-booter-3.0.0-M5.jar;C:\Users\CHARLES OBINNA IRO\.m2\repository\org\apache\maven\surefire\surefire-api\3.0.0-M5\surefire-api-3.0.0-M5.jar;C:\Users\CHARLES OBINNA IRO\.m2\repository\org\apache\maven\surefire\surefire-logger-api\3.0.0-M5\surefire-logger-api-3.0.0-M5.jar;C:\Users\CHARLES OBINNA IRO\.m2\repository\org\apache\maven\surefire\surefire-shared-utils\3.0.0-M4\surefire-shared-utils-3.0.0-M4.jar;C:\Users\CHARLES OBINNA IRO\.m2\repository\org\apache\maven\surefire\surefire-extensions-spi\3.0.0-M5\surefire-extensions-spi-3.0.0-M5.jar;C:\Users\CHARLES OBINNA IRO\IdeaProjects\CatpointAppProject3Javaprogramming\catpointParent\securityService\target\test-classes;C:\Users\CHARLES OBINNA IRO\.m2\repository\com\google\guava\failureaccess\1.0.1\failureaccess-1.0.1.jar;C:\Users\CHARLES OBINNA IRO\.m2\repository\com\google\guava\listenablefuture\9999.0-empty-to-avoid-conflict-with-guava\listenablefuture-9999.0-empty-to-avoid-conflict-with-guava.jar;C:\Users\CHARLES OBINNA IRO\.m2\repository\com\google\code\findbugs\jsr305\3.0.2\jsr305-3.0.2.jar;C:\Users\CHARLES OBINNA IRO\.m2\repository\org\checkerframework\checker-qual\3.12.0\checker-qual-3.12.0.jar;C:\Users\CHARLES OBINNA IRO\.m2\repository\com\google\errorprone\error_prone_annotations\2.11.0\error_prone_annotations-2.11.0.jar;C:\Users\CHARLES OBINNA IRO\.m2\repository\com\google\j2objc\j2objc-annotations\1.3\j2objc-annotations-1.3.jar;C:\Users\CHARLES OBINNA IRO\.m2\repository\org\slf4j\slf4j-jdk14\1.5.6\slf4j-jdk14-1.5.6.jar;C:\Users\CHARLES OBINNA IRO\.m2\repository\software\amazon\awssdk\annotations\2.17.157\annotations-2.17.157.jar;C:\Users\CHARLES OBINNA IRO\.m2\repository\software\amazon\awssdk\utils\2.17.157\utils-2.17.157.jar;C:\Users\CHARLES OBINNA IRO\.m2\repository\org\reactivestreams\reactive-streams\1.0.3\reactive-streams-1.0.3.jar;C:\Users\CHARLES OBINNA IRO\.m2\repository\software\amazon\awssdk\profiles\2.17.157\profiles-2.17.157.jar;C:\Users\CHARLES OBINNA IRO\.m2\repository\software\amazon\awssdk\http-client-spi\2.17.157\http-client-spi-2.17.157.jar;C:\Users\CHARLES OBINNA IRO\.m2\repository\software\amazon\awssdk\json-utils\2.17.157\json-utils-2.17.157.jar;C:\Users\CHARLES OBINNA IRO\.m2\repository\software\amazon\awssdk\third-party-jackson-core\2.17.157\third-party-jackson-core-2.17.157.jar;C:\Users\CHARLES OBINNA IRO\.m2\repository\software\amazon\eventstream\eventstream\1.0.1\eventstream-1.0.1.jar;C:\Users\CHARLES OBINNA IRO\.m2\repository\software\amazon\awscdk\core\1.151.0\core-1.151.0.jar;C:\Users\CHARLES OBINNA IRO\.m2\repository\software\amazon\awscdk\cdk-cloud-assembly-schema\1.151.0\cdk-cloud-assembly-schema-1.151.0.jar;C:\Users\CHARLES OBINNA IRO\.m2\repository\software\amazon\awscdk\cdk-cx-api\1.151.0\cdk-cx-api-1.151.0.jar;C:\Users\CHARLES OBINNA IRO\.m2\repository\software\amazon\awscdk\cdk-region-info\1.151.0\cdk-region-info-1.151.0.jar;C:\Users\CHARLES OBINNA IRO\.m2\repository\software\constructs\constructs\3.3.269\constructs-3.3.269.jar;C:\Users\CHARLES OBINNA IRO\.m2\repository\software\amazon\jsii\jsii-runtime\1.56.0\jsii-runtime-1.56.0.jar;C:\Users\CHARLES OBINNA IRO\.m2\repository\com\fasterxml\jackson\core\jackson-core\2.11.4\jackson-core-2.11.4.jar;C:\Users\CHARLES OBINNA IRO\.m2\repository\com\fasterxml\jackson\core\jackson-databind\2.11.4\jackson-databind-2.11.4.jar;C:\Users\CHARLES OBINNA IRO\.m2\repository\com\fasterxml\jackson\core\jackson-annotations\2.11.4\jackson-annotations-2.11.4.jar;C:\Users\CHARLES OBINNA IRO\.m2\repository\org\jetbrains\annotations\19.0.0\annotations-19.0.0.jar;C:\Users\CHARLES OBINNA IRO\.m2\repository\javax\annotation\javax.annotation-api\1.3.2\javax.annotation-api-1.3.2.jar;C:\Users\CHARLES OBINNA IRO\.m2\repository\com\amazonaws\aws-java-sdk-core\1.12.192\aws-java-sdk-core-1.12.192.jar;C:\Users\CHARLES OBINNA IRO\.m2\repository\commons-logging\commons-logging\1.1.3\commons-logging-1.1.3.jar;C:\Users\CHARLES OBINNA IRO\.m2\repository\commons-codec\commons-codec\1.15\commons-codec-1.15.jar;C:\Users\CHARLES OBINNA IRO\.m2\repository\org\apache\httpcomponents\httpclient\4.5.13\httpclient-4.5.13.jar;C:\Users\CHARLES OBINNA IRO\.m2\repository\org\apache\httpcomponents\httpcore\4.4.13\httpcore-4.4.13.jar;C:\Users\CHARLES OBINNA IRO\.m2\repository\software\amazon\ion\ion-java\1.0.2\ion-java-1.0.2.jar;C:\Users\CHARLES OBINNA IRO\.m2\repository\com\fasterxml\jackson\dataformat\jackson-dataformat-cbor\2.12.6\jackson-dataformat-cbor-2.12.6.jar;C:\Users\CHARLES OBINNA IRO\.m2\repository\joda-time\joda-time\2.8.1\joda-time-2.8.1.jar;C:\Users\CHARLES OBINNA IRO\.m2\repository\com\miglayout\miglayout\3.7.4\miglayout-3.7.4.jar;C:\Users\CHARLES OBINNA IRO\.m2\repository\software\amazon\awssdk\sts\2.17.157\sts-2.17.157.jar;C:\Users\CHARLES OBINNA IRO\.m2\repository\software\amazon\awssdk\aws-query-protocol\2.17.157\aws-query-protocol-2.17.157.jar;C:\Users\CHARLES OBINNA IRO\.m2\repository\software\amazon\awssdk\protocol-core\2.17.157\protocol-core-2.17.157.jar;C:\Users\CHARLES OBINNA IRO\.m2\repository\software\amazon\awssdk\aws-core\2.17.157\aws-core-2.17.157.jar;C:\Users\CHARLES OBINNA IRO\.m2\repository\software\amazon\awssdk\metrics-spi\2.17.157\metrics-spi-2.17.157.jar;C:\Users\CHARLES OBINNA IRO\.m2\repository\software\amazon\awssdk\apache-client\2.17.157\apache-client-2.17.157.jar;C:\Users\CHARLES OBINNA IRO\.m2\repository\software\amazon\awssdk\netty-nio-client\2.17.157\netty-nio-client-2.17.157.jar;C:\Users\CHARLES OBINNA IRO\.m2\repository\io\netty\netty-codec-http\4.1.72.Final\netty-codec-http-4.1.72.Final.jar;C:\Users\CHARLES OBINNA IRO\.m2\repository\io\netty\netty-codec-http2\4.1.72.Final\netty-codec-http2-4.1.72.Final.jar;C:\Users\CHARLES OBINNA IRO\.m2\repository\io\netty\netty-codec\4.1.72.Final\netty-codec-4.1.72.Final.jar;C:\Users\CHARLES OBINNA IRO\.m2\repository\io\netty\netty-transport\4.1.72.Final\netty-transport-4.1.72.Final.jar;C:\Users\CHARLES OBINNA IRO\.m2\repository\io\netty\netty-resolver\4.1.72.Final\netty-resolver-4.1.72.Final.jar;C:\Users\CHARLES OBINNA IRO\.m2\repository\io\netty\netty-common\4.1.72.Final\netty-common-4.1.72.Final.jar;C:\Users\CHARLES OBINNA IRO\.m2\repository\io\netty\netty-buffer\4.1.72.Final\netty-buffer-4.1.72.Final.jar;C:\Users\CHARLES OBINNA IRO\.m2\repository\io\netty\netty-handler\4.1.72.Final\netty-handler-4.1.72.Final.jar;C:\Users\CHARLES OBINNA IRO\.m2\repository\io\netty\netty-tcnative-classes\2.0.46.Final\netty-tcnative-classes-2.0.46.Final.jar;C:\Users\CHARLES OBINNA IRO\.m2\repository\io\netty\netty-transport-classes-epoll\4.1.72.Final\netty-transport-classes-epoll-4.1.72.Final.jar;C:\Users\CHARLES OBINNA IRO\.m2\repository\io\netty\netty-transport-native-unix-common\4.1.72.Final\netty-transport-native-unix-common-4.1.72.Final.jar;C:\Users\CHARLES OBINNA IRO\.m2\repository\com\typesafe\netty\netty-reactive-streams-http\2.0.5\netty-reactive-streams-http-2.0.5.jar;C:\Users\CHARLES OBINNA IRO\.m2\repository\com\typesafe\netty\netty-reactive-streams\2.0.5\netty-reactive-streams-2.0.5.jar;C:\Users\CHARLES OBINNA IRO\.m2\repository\org\junit\jupiter\junit-jupiter\5.6.2\junit-jupiter-5.6.2.jar;C:\Users\CHARLES OBINNA IRO\.m2\repository\org\junit\jupiter\junit-jupiter-api\5.6.2\junit-jupiter-api-5.6.2.jar;C:\Users\CHARLES OBINNA IRO\.m2\repository\org\apiguardian\apiguardian-api\1.1.0\apiguardian-api-1.1.0.jar;C:\Users\CHARLES OBINNA IRO\.m2\repository\org\opentest4j\opentest4j\1.2.0\opentest4j-1.2.0.jar;C:\Users\CHARLES OBINNA IRO\.m2\repository\org\junit\platform\junit-platform-commons\1.6.2\junit-platform-commons-1.6.2.jar;C:\Users\CHARLES OBINNA IRO\.m2\repository\org\junit\jupiter\junit-jupiter-params\5.6.2\junit-jupiter-params-5.6.2.jar;C:\Users\CHARLES OBINNA IRO\.m2\repository\org\junit\jupiter\junit-jupiter-engine\5.6.2\junit-jupiter-engine-5.6.2.jar;C:\Users\CHARLES OBINNA IRO\.m2\repository\org\junit\platform\junit-platform-engine\1.6.2\junit-platform-engine-1.6.2.jar;C:\Users\CHARLES OBINNA IRO\.m2\repository\software\amazon\awssdk\aws-json-protocol\2.17.155\aws-json-protocol-2.17.155.jar;C:\Users\CHARLES OBINNA IRO\.m2\repository\com\google\collections\google-collections\1.0\google-collections-1.0.jar;C:\Users\CHARLES OBINNA IRO\.m2\repository\org\mockito\mockito-junit-jupiter\4.4.0\mockito-junit-jupiter-4.4.0.jar;C:\Users\CHARLES OBINNA IRO\.m2\repository\org\mockito\mockito-core\4.4.0\mockito-core-4.4.0.jar;C:\Users\CHARLES OBINNA IRO\.m2\repository\net\bytebuddy\byte-buddy\1.12.8\byte-buddy-1.12.8.jar;C:\Users\CHARLES OBINNA IRO\.m2\repository\net\bytebuddy\byte-buddy-agent\1.12.8\byte-buddy-agent-1.12.8.jar;C:\Users\CHARLES OBINNA IRO\.m2\repository\org\objenesis\objenesis\3.2\objenesis-3.2.jar;C:\Users\CHARLES OBINNA IRO\.m2\repository\org\apache\maven\surefire\surefire-junit-platform\3.0.0-M5\surefire-junit-platform-3.0.0-M5.jar;C:\Users\CHARLES OBINNA IRO\.m2\repository\org\apache\maven\surefire\common-java5\3.0.0-M5\common-java5-3.0.0-M5.jar;C:\Users\CHARLES OBINNA IRO\.m2\repository\org\junit\platform\junit-platform-launcher\1.6.2\junit-platform-launcher-1.6.2.jar"/>
    <property name="user.script" value=""/>
    <property name="sun.management.compiler" value="HotSpot 64-Bit Tiered Compilers"/>
    <property name="java.runtime.version" value="17.0.1+12-LTS-39"/>
    <property name="user.name" value="CHARLES OBINNA IRO"/>
    <property name="path.separator" value=";"/>
    <property name="os.version" value="10.0"/>
    <property name="java.runtime.name" value="Java(TM) SE Runtime Environment"/>
    <property name="file.encoding" value="Cp1252"/>
    <property name="java.vm.name" value="Java HotSpot(TM) 64-Bit Server VM"/>
    <property name="localRepository" value="C:\Users\CHARLES OBINNA IRO\.m2\repository"/>
    <property name="java.vendor.url.bug" value="https://bugreport.java.com/bugreport/"/>
    <property name="java.io.tmpdir" value="C:\Users\CHARLE~1\AppData\Local\Temp\"/>
    <property name="idea.version" value="2021.3"/>
    <property name="java.version" value="17.0.1"/>
    <property name="user.dir" value="C:\Users\CHARLES OBINNA IRO\IdeaProjects\CatpointAppProject3Javaprogramming\catpointParent\securityService"/>
    <property name="os.arch" value="amd64"/>
    <property name="java.vm.specification.name" value="Java Virtual Machine Specification"/>
    <property name="sun.os.patch.level" value=""/>
    <property name="native.encoding" value="Cp1252"/>
    <property name="java.library.path" value="C:\Program Files\Java\jdk-17.0.1\bin;C:\WINDOWS\Sun\Java\bin;C:\WINDOWS\system32;C:\WINDOWS;C:\WINDOWS\system32;C:\WINDOWS;C:\WINDOWS\System32\Wbem;C:\WINDOWS\System32\WindowsPowerShell\v1.0\;C:\WINDOWS\System32\OpenSSH\;C:\python36;C:\python36\Scripts;C:\Program Files\dotnet\;C:\Program Files\Microsoft SQL Server\130\Tools\Binn\;C:\Program Files\Microsoft SQL Server\Client SDK\ODBC\170\Tools\Binn\;C:\Program Files\Amazon\AWSCLIV2\;C:\Users\anaconda3\Scripts\conda.exe;C:\Users\anaconda3\bin;C:\Program Files\Git\cmd;C:\Program Files\PuTTY\;C:\Program Files\Go\bin;C:\Program Files\Docker\Docker\resources\bin;C:\ProgramData\DockerDesktop\version-bin;C:\maven\apache-maven-3.8.4\bin;C:\Program Files\Java\jdk-14\bin;C:\Spark\spark-3.0.3-bin-hadoop2.7\bin;C:\Program Files\MySQL\MySQL Shell 8.0\bin\;C:\Users\CHARLES OBINNA IRO\AppData\Local\Microsoft\WindowsApps;C:\Users\CHARLES OBINNA IRO\.dotnet\tools;C:\Spark\spark-3.0.3-bin-hadoop2.7\bin;C:\Users\CHARLES OBINNA IRO\airflow;C:\Users\CHARLES OBINNA IRO\AppData\Local\atom\bin;C:\Users\CHARLES OBINNA IRO\go\bin;C:\Users\CHARLES OBINNA IRO\;C:\Users\&apos;CHARLES OBINNA IRO&apos;\;C:\Users\CHARLES OBINNA IRO\Desktop\Atom.lnk;C:\Program Files\JetBrains\IntelliJ IDEA Community Edition 2021.3\bin;;C:\Program Files\Java\jdk-14\bin;;."/>
    <property name="java.vm.info" value="mixed mode"/>
    <property name="java.vendor" value="Oracle Corporation"/>
    <property name="java.vm.version" value="17.0.1+12-LTS-39"/>
    <property name="sun.io.unicode.encoding" value="UnicodeLittle"/>
    <property name="java.class.version" value="61.0"/>
  </properties>
  <testcase name="alarm_ARMED_sensor_ACTIVATED_Set_systemAlarmStatusTo_Pending_ALARM(Sensor, Boolean)[1]" classname="com.catpoint.jpnd.securityService.service.SecurityServiceTest" time="1.191"/>
  <testcase name="alarm_ARMED_sensor_ACTIVATED_Set_systemAlarmStatusTo_Pending_ALARM(Sensor, Boolean)[2]" classname="com.catpoint.jpnd.securityService.service.SecurityServiceTest" time="0"/>
  <testcase name="alarm_ARMED_sensor_ACTIVATED_alarmStatus_PENDING_ALARM_Set_alarmStatusTo_ALARM(Sensor, Boolean)[1]" classname="com.catpoint.jpnd.securityService.service.SecurityServiceTest" time="0"/>
  <testcase name="alarm_ARMED_sensor_ACTIVATED_alarmStatus_PENDING_ALARM_Set_alarmStatusTo_ALARM(Sensor, Boolean)[2]" classname="com.catpoint.jpnd.securityService.service.SecurityServiceTest" time="0.015"/>
  <testcase name="alarm_ARMED_sensor_DEACTIVATED_alarmStatus_PENDING_ALARM_Set_alarmStatusTO_NO_ALARM(Sensor, Boolean)[1]" classname="com.catpoint.jpnd.securityService.service.SecurityServiceTest" time="0.016"/>
  <testcase name="alarm_ARMED_sensor_DEACTIVATED_alarmStatus_PENDING_ALARM_Set_alarmStatusTO_NO_ALARM(Sensor, Boolean)[2]" classname="com.catpoint.jpnd.securityService.service.SecurityServiceTest" time="0"/>
  <testcase name="sensor_ACTIVATED_while_already_ACTIVE_and_alarmStatus_PENDING_ALARM_Set_alarmStatusTO_ALARM(Sensor, Boolean)[1]" classname="com.catpoint.jpnd.securityService.service.SecurityServiceTest" time="0.016"/>
  <testcase name="sensor_ACTIVATED_while_already_ACTIVE_and_alarmStatus_PENDING_ALARM_Set_alarmStatusTO_ALARM(Sensor, Boolean)[2]" classname="com.catpoint.jpnd.securityService.service.SecurityServiceTest" time="0.015"/>
</testsuite>