<?xml version="1.0" encoding="UTF-8"?>
<testsuite xmlns:xsi="http://www.w3.org/2001/XMLSchema-instance" xsi:noNamespaceSchemaLocation="https://maven.apache.org/surefire/maven-surefire-plugin/xsd/surefire-test-report-3.0.xsd" version="3.0" name="com.catpoint.jpnd.securityService.service.SecurityServiceTest" time="1.856" tests="22" errors="0" skipped="0" failures="0">
  <properties>
    <property name="java.specification.version" value="14"/>
    <property name="sun.cpu.isalist" value="amd64"/>
    <property name="sun.jnu.encoding" value="Cp1252"/>
    <property name="java.class.path" value="C:\Users\CHARLES OBINNA IRO\IdeaProjects\CatpointAppProject3Javaprogramming\catpointParent\securityService\target\test-classes;C:\Users\CHARLES OBINNA IRO\.m2\repository\software\amazon\awssdk\aws-json-protocol\2.17.155\aws-json-protocol-2.17.155.jar;C:\Users\CHARLES OBINNA IRO\.m2\repository\software\amazon\awssdk\third-party-jackson-core\2.17.155\third-party-jackson-core-2.17.155.jar;C:\Users\CHARLES OBINNA IRO\.m2\repository\software\amazon\awssdk\json-utils\2.17.155\json-utils-2.17.155.jar;C:\Users\CHARLES OBINNA IRO\.m2\repository\software\amazon\awssdk\protocol-core\2.17.155\protocol-core-2.17.155.jar;C:\Users\CHARLES OBINNA IRO\.m2\repository\software\amazon\awssdk\profiles\2.17.155\profiles-2.17.155.jar;C:\Users\CHARLES OBINNA IRO\.m2\repository\org\reactivestreams\reactive-streams\1.0.3\reactive-streams-1.0.3.jar;C:\Users\CHARLES OBINNA IRO\.m2\repository\software\amazon\eventstream\eventstream\1.0.1\eventstream-1.0.1.jar;C:\Users\CHARLES OBINNA IRO\.m2\repository\software\amazon\awssdk\http-client-spi\2.17.155\http-client-spi-2.17.155.jar;C:\Users\CHARLES OBINNA IRO\.m2\repository\software\amazon\awssdk\annotations\2.17.155\annotations-2.17.155.jar;C:\Users\CHARLES OBINNA IRO\.m2\repository\software\amazon\awssdk\utils\2.17.155\utils-2.17.155.jar;C:\Users\CHARLES OBINNA IRO\.m2\repository\software\amazon\awssdk\aws-core\2.17.155\aws-core-2.17.155.jar;C:\Users\CHARLES OBINNA IRO\.m2\repository\software\amazon\awssdk\metrics-spi\2.17.155\metrics-spi-2.17.155.jar;C:\Users\CHARLES OBINNA IRO\.m2\repository\software\amazon\awssdk\apache-client\2.17.155\apache-client-2.17.155.jar;C:\Users\CHARLES OBINNA IRO\.m2\repository\org\apache\httpcomponents\httpclient\4.5.13\httpclient-4.5.13.jar;C:\Users\CHARLES OBINNA IRO\.m2\repository\commons-logging\commons-logging\1.2\commons-logging-1.2.jar;C:\Users\CHARLES OBINNA IRO\.m2\repository\commons-codec\commons-codec\1.11\commons-codec-1.11.jar;C:\Users\CHARLES OBINNA IRO\.m2\repository\org\apache\httpcomponents\httpcore\4.4.13\httpcore-4.4.13.jar;C:\Users\CHARLES OBINNA IRO\.m2\repository\software\amazon\awssdk\netty-nio-client\2.17.155\netty-nio-client-2.17.155.jar;C:\Users\CHARLES OBINNA IRO\.m2\repository\io\netty\netty-codec-http\4.1.72.Final\netty-codec-http-4.1.72.Final.jar;C:\Users\CHARLES OBINNA IRO\.m2\repository\io\netty\netty-codec-http2\4.1.72.Final\netty-codec-http2-4.1.72.Final.jar;C:\Users\CHARLES OBINNA IRO\.m2\repository\io\netty\netty-codec\4.1.72.Final\netty-codec-4.1.72.Final.jar;C:\Users\CHARLES OBINNA IRO\.m2\repository\io\netty\netty-transport\4.1.72.Final\netty-transport-4.1.72.Final.jar;C:\Users\CHARLES OBINNA IRO\.m2\repository\io\netty\netty-resolver\4.1.72.Final\netty-resolver-4.1.72.Final.jar;C:\Users\CHARLES OBINNA IRO\.m2\repository\io\netty\netty-common\4.1.72.Final\netty-common-4.1.72.Final.jar;C:\Users\CHARLES OBINNA IRO\.m2\repository\io\netty\netty-buffer\4.1.72.Final\netty-buffer-4.1.72.Final.jar;C:\Users\CHARLES OBINNA IRO\.m2\repository\io\netty\netty-handler\4.1.72.Final\netty-handler-4.1.72.Final.jar;C:\Users\CHARLES OBINNA IRO\.m2\repository\io\netty\netty-tcnative-classes\2.0.46.Final\netty-tcnative-classes-2.0.46.Final.jar;C:\Users\CHARLES OBINNA IRO\.m2\repository\io\netty\netty-transport-classes-epoll\4.1.72.Final\netty-transport-classes-epoll-4.1.72.Final.jar;C:\Users\CHARLES OBINNA IRO\.m2\repository\io\netty\netty-transport-native-unix-common\4.1.72.Final\netty-transport-native-unix-common-4.1.72.Final.jar;C:\Users\CHARLES OBINNA IRO\.m2\repository\com\typesafe\netty\netty-reactive-streams-http\2.0.5\netty-reactive-streams-http-2.0.5.jar;C:\Users\CHARLES OBINNA IRO\.m2\repository\com\typesafe\netty\netty-reactive-streams\2.0.5\netty-reactive-streams-2.0.5.jar;C:\Users\CHARLES OBINNA IRO\.m2\repository\com\google\guava\failureaccess\1.0.1\failureaccess-1.0.1.jar;C:\Users\CHARLES OBINNA IRO\.m2\repository\com\google\guava\listenablefuture\9999.0-empty-to-avoid-conflict-with-guava\listenablefuture-9999.0-empty-to-avoid-conflict-with-guava.jar;C:\Users\CHARLES OBINNA IRO\.m2\repository\com\google\code\findbugs\jsr305\3.0.2\jsr305-3.0.2.jar;C:\Users\CHARLES OBINNA IRO\.m2\repository\org\checkerframework\checker-qual\3.12.0\checker-qual-3.12.0.jar;C:\Users\CHARLES OBINNA IRO\.m2\repository\com\google\errorprone\error_prone_annotations\2.11.0\error_prone_annotations-2.11.0.jar;C:\Users\CHARLES OBINNA IRO\.m2\repository\com\google\j2objc\j2objc-annotations\1.3\j2objc-annotations-1.3.jar;C:\Users\CHARLES OBINNA IRO\.m2\repository\org\junit\jupiter\junit-jupiter\5.6.2\junit-jupiter-5.6.2.jar;C:\Users\CHARLES OBINNA IRO\.m2\repository\org\junit\jupiter\junit-jupiter-api\5.6.2\junit-jupiter-api-5.6.2.jar;C:\Users\CHARLES OBINNA IRO\.m2\repository\org\apiguardian\apiguardian-api\1.1.0\apiguardian-api-1.1.0.jar;C:\Users\CHARLES OBINNA IRO\.m2\repository\org\opentest4j\opentest4j\1.2.0\opentest4j-1.2.0.jar;C:\Users\CHARLES OBINNA IRO\.m2\repository\org\junit\platform\junit-platform-commons\1.6.2\junit-platform-commons-1.6.2.jar;C:\Users\CHARLES OBINNA IRO\.m2\repository\org\junit\jupiter\junit-jupiter-params\5.6.2\junit-jupiter-params-5.6.2.jar;C:\Users\CHARLES OBINNA IRO\.m2\repository\org\junit\jupiter\junit-jupiter-engine\5.6.2\junit-jupiter-engine-5.6.2.jar;C:\Users\CHARLES OBINNA IRO\.m2\repository\org\junit\platform\junit-platform-engine\1.6.2\junit-platform-engine-1.6.2.jar;C:\Users\CHARLES OBINNA IRO\.m2\repository\org\mockito\mockito-junit-jupiter\4.4.0\mockito-junit-jupiter-4.4.0.jar;C:\Users\CHARLES OBINNA IRO\.m2\repository\org\mockito\mockito-core\4.4.0\mockito-core-4.4.0.jar;C:\Users\CHARLES OBINNA IRO\.m2\repository\net\bytebuddy\byte-buddy\1.12.8\byte-buddy-1.12.8.jar;C:\Users\CHARLES OBINNA IRO\.m2\repository\net\bytebuddy\byte-buddy-agent\1.12.8\byte-buddy-agent-1.12.8.jar;C:\Users\CHARLES OBINNA IRO\.m2\repository\org\objenesis\objenesis\3.2\objenesis-3.2.jar;"/>
    <property name="java.vm.vendor" value="Oracle Corporation"/>
    <property name="sun.arch.data.model" value="64"/>
    <property name="user.variant" value=""/>
    <property name="java.vendor.url" value="https://java.oracle.com/"/>
    <property name="user.timezone" value="Europe/Berlin"/>
    <property name="os.name" value="Windows 10"/>
    <property name="java.vm.specification.version" value="14"/>
    <property name="sun.java.launcher" value="SUN_STANDARD"/>
    <property name="user.country" value="US"/>
    <property name="sun.boot.library.path" value="C:\Program Files\Java\jdk-14\bin"/>
    <property name="sun.java.command" value="org.apache.maven.surefire.booter.ForkedBooter C:\Users\CHARLES OBINNA IRO\AppData\Local\Temp\surefire10106747272735956345 2022-04-24T13-20-35_931-jvmRun1 surefire5222484056661633746tmp surefire_015480074079757461404tmp"/>
    <property name="jdk.debug" value="release"/>
    <property name="surefire.test.class.path" value="C:\Users\CHARLES OBINNA IRO\IdeaProjects\CatpointAppProject3Javaprogramming\catpointParent\securityService\target\test-classes;C:\Users\CHARLES OBINNA IRO\.m2\repository\software\amazon\awssdk\aws-json-protocol\2.17.155\aws-json-protocol-2.17.155.jar;C:\Users\CHARLES OBINNA IRO\.m2\repository\software\amazon\awssdk\third-party-jackson-core\2.17.155\third-party-jackson-core-2.17.155.jar;C:\Users\CHARLES OBINNA IRO\.m2\repository\software\amazon\awssdk\json-utils\2.17.155\json-utils-2.17.155.jar;C:\Users\CHARLES OBINNA IRO\.m2\repository\software\amazon\awssdk\protocol-core\2.17.155\protocol-core-2.17.155.jar;C:\Users\CHARLES OBINNA IRO\.m2\repository\software\amazon\awssdk\profiles\2.17.155\profiles-2.17.155.jar;C:\Users\CHARLES OBINNA IRO\.m2\repository\org\reactivestreams\reactive-streams\1.0.3\reactive-streams-1.0.3.jar;C:\Users\CHARLES OBINNA IRO\.m2\repository\software\amazon\eventstream\eventstream\1.0.1\eventstream-1.0.1.jar;C:\Users\CHARLES OBINNA IRO\.m2\repository\software\amazon\awssdk\http-client-spi\2.17.155\http-client-spi-2.17.155.jar;C:\Users\CHARLES OBINNA IRO\.m2\repository\software\amazon\awssdk\annotations\2.17.155\annotations-2.17.155.jar;C:\Users\CHARLES OBINNA IRO\.m2\repository\software\amazon\awssdk\utils\2.17.155\utils-2.17.155.jar;C:\Users\CHARLES OBINNA IRO\.m2\repository\software\amazon\awssdk\aws-core\2.17.155\aws-core-2.17.155.jar;C:\Users\CHARLES OBINNA IRO\.m2\repository\software\amazon\awssdk\metrics-spi\2.17.155\metrics-spi-2.17.155.jar;C:\Users\CHARLES OBINNA IRO\.m2\repository\software\amazon\awssdk\apache-client\2.17.155\apache-client-2.17.155.jar;C:\Users\CHARLES OBINNA IRO\.m2\repository\org\apache\httpcomponents\httpclient\4.5.13\httpclient-4.5.13.jar;C:\Users\CHARLES OBINNA IRO\.m2\repository\commons-logging\commons-logging\1.2\commons-logging-1.2.jar;C:\Users\CHARLES OBINNA IRO\.m2\repository\commons-codec\commons-codec\1.11\commons-codec-1.11.jar;C:\Users\CHARLES OBINNA IRO\.m2\repository\org\apache\httpcomponents\httpcore\4.4.13\httpcore-4.4.13.jar;C:\Users\CHARLES OBINNA IRO\.m2\repository\software\amazon\awssdk\netty-nio-client\2.17.155\netty-nio-client-2.17.155.jar;C:\Users\CHARLES OBINNA IRO\.m2\repository\io\netty\netty-codec-http\4.1.72.Final\netty-codec-http-4.1.72.Final.jar;C:\Users\CHARLES OBINNA IRO\.m2\repository\io\netty\netty-codec-http2\4.1.72.Final\netty-codec-http2-4.1.72.Final.jar;C:\Users\CHARLES OBINNA IRO\.m2\repository\io\netty\netty-codec\4.1.72.Final\netty-codec-4.1.72.Final.jar;C:\Users\CHARLES OBINNA IRO\.m2\repository\io\netty\netty-transport\4.1.72.Final\netty-transport-4.1.72.Final.jar;C:\Users\CHARLES OBINNA IRO\.m2\repository\io\netty\netty-resolver\4.1.72.Final\netty-resolver-4.1.72.Final.jar;C:\Users\CHARLES OBINNA IRO\.m2\repository\io\netty\netty-common\4.1.72.Final\netty-common-4.1.72.Final.jar;C:\Users\CHARLES OBINNA IRO\.m2\repository\io\netty\netty-buffer\4.1.72.Final\netty-buffer-4.1.72.Final.jar;C:\Users\CHARLES OBINNA IRO\.m2\repository\io\netty\netty-handler\4.1.72.Final\netty-handler-4.1.72.Final.jar;C:\Users\CHARLES OBINNA IRO\.m2\repository\io\netty\netty-tcnative-classes\2.0.46.Final\netty-tcnative-classes-2.0.46.Final.jar;C:\Users\CHARLES OBINNA IRO\.m2\repository\io\netty\netty-transport-classes-epoll\4.1.72.Final\netty-transport-classes-epoll-4.1.72.Final.jar;C:\Users\CHARLES OBINNA IRO\.m2\repository\io\netty\netty-transport-native-unix-common\4.1.72.Final\netty-transport-native-unix-common-4.1.72.Final.jar;C:\Users\CHARLES OBINNA IRO\.m2\repository\com\typesafe\netty\netty-reactive-streams-http\2.0.5\netty-reactive-streams-http-2.0.5.jar;C:\Users\CHARLES OBINNA IRO\.m2\repository\com\typesafe\netty\netty-reactive-streams\2.0.5\netty-reactive-streams-2.0.5.jar;C:\Users\CHARLES OBINNA IRO\.m2\repository\com\google\guava\failureaccess\1.0.1\failureaccess-1.0.1.jar;C:\Users\CHARLES OBINNA IRO\.m2\repository\com\google\guava\listenablefuture\9999.0-empty-to-avoid-conflict-with-guava\listenablefuture-9999.0-empty-to-avoid-conflict-with-guava.jar;C:\Users\CHARLES OBINNA IRO\.m2\repository\com\google\code\findbugs\jsr305\3.0.2\jsr305-3.0.2.jar;C:\Users\CHARLES OBINNA IRO\.m2\repository\org\checkerframework\checker-qual\3.12.0\checker-qual-3.12.0.jar;C:\Users\CHARLES OBINNA IRO\.m2\repository\com\google\errorprone\error_prone_annotations\2.11.0\error_prone_annotations-2.11.0.jar;C:\Users\CHARLES OBINNA IRO\.m2\repository\com\google\j2objc\j2objc-annotations\1.3\j2objc-annotations-1.3.jar;C:\Users\CHARLES OBINNA IRO\.m2\repository\org\junit\jupiter\junit-jupiter\5.6.2\junit-jupiter-5.6.2.jar;C:\Users\CHARLES OBINNA IRO\.m2\repository\org\junit\jupiter\junit-jupiter-api\5.6.2\junit-jupiter-api-5.6.2.jar;C:\Users\CHARLES OBINNA IRO\.m2\repository\org\apiguardian\apiguardian-api\1.1.0\apiguardian-api-1.1.0.jar;C:\Users\CHARLES OBINNA IRO\.m2\repository\org\opentest4j\opentest4j\1.2.0\opentest4j-1.2.0.jar;C:\Users\CHARLES OBINNA IRO\.m2\repository\org\junit\platform\junit-platform-commons\1.6.2\junit-platform-commons-1.6.2.jar;C:\Users\CHARLES OBINNA IRO\.m2\repository\org\junit\jupiter\junit-jupiter-params\5.6.2\junit-jupiter-params-5.6.2.jar;C:\Users\CHARLES OBINNA IRO\.m2\repository\org\junit\jupiter\junit-jupiter-engine\5.6.2\junit-jupiter-engine-5.6.2.jar;C:\Users\CHARLES OBINNA IRO\.m2\repository\org\junit\platform\junit-platform-engine\1.6.2\junit-platform-engine-1.6.2.jar;C:\Users\CHARLES OBINNA IRO\.m2\repository\org\mockito\mockito-junit-jupiter\4.4.0\mockito-junit-jupiter-4.4.0.jar;C:\Users\CHARLES OBINNA IRO\.m2\repository\org\mockito\mockito-core\4.4.0\mockito-core-4.4.0.jar;C:\Users\CHARLES OBINNA IRO\.m2\repository\net\bytebuddy\byte-buddy\1.12.8\byte-buddy-1.12.8.jar;C:\Users\CHARLES OBINNA IRO\.m2\repository\net\bytebuddy\byte-buddy-agent\1.12.8\byte-buddy-agent-1.12.8.jar;C:\Users\CHARLES OBINNA IRO\.m2\repository\org\objenesis\objenesis\3.2\objenesis-3.2.jar;"/>
    <property name="sun.cpu.endian" value="little"/>
    <property name="user.home" value="C:\Users\CHARLES OBINNA IRO"/>
    <property name="user.language" value="en"/>
    <property name="java.specification.vendor" value="Oracle Corporation"/>
    <property name="jdk.module.path" value="C:\Users\CHARLES OBINNA IRO\IdeaProjects\CatpointAppProject3Javaprogramming\catpointParent\securityService\target\classes;C:\Users\CHARLES OBINNA IRO\IdeaProjects\CatpointAppProject3Javaprogramming\catpointParent\imageService\target\imageService-1.0-SNAPSHOT.jar;C:\Users\CHARLES OBINNA IRO\.m2\repository\software\amazon\awssdk\rekognition\2.17.155\rekognition-2.17.155.jar;C:\Users\CHARLES OBINNA IRO\.m2\repository\software\amazon\awssdk\sdk-core\2.17.155\sdk-core-2.17.155.jar;C:\Users\CHARLES OBINNA IRO\.m2\repository\software\amazon\awssdk\auth\2.17.155\auth-2.17.155.jar;C:\Users\CHARLES OBINNA IRO\.m2\repository\software\amazon\awssdk\regions\2.17.155\regions-2.17.155.jar;C:\Users\CHARLES OBINNA IRO\.m2\repository\org\slf4j\slf4j-api\1.7.5\slf4j-api-1.7.5.jar;C:\Users\CHARLES OBINNA IRO\.m2\repository\com\miglayout\miglayout-swing\11.0\miglayout-swing-11.0.jar;C:\Users\CHARLES OBINNA IRO\.m2\repository\com\miglayout\miglayout-core\11.0\miglayout-core-11.0.jar;C:\Users\CHARLES OBINNA IRO\.m2\repository\com\google\code\gson\gson\2.8.9\gson-2.8.9.jar;C:\Users\CHARLES OBINNA IRO\.m2\repository\com\google\guava\guava\31.1-jre\guava-31.1-jre.jar"/>
    <property name="java.version.date" value="2020-03-17"/>
    <property name="java.home" value="C:\Program Files\Java\jdk-14"/>
    <property name="file.separator" value="\"/>
    <property name="basedir" value="C:\Users\CHARLES OBINNA IRO\IdeaProjects\CatpointAppProject3Javaprogramming\catpointParent\securityService"/>
    <property name="java.vm.compressedOopsMode" value="Zero based"/>
    <property name="line.separator" value="&#10;"/>
    <property name="java.vm.specification.vendor" value="Oracle Corporation"/>
    <property name="java.specification.name" value="Java Platform API Specification"/>
    <property name="surefire.real.class.path" value="C:\Users\CHARLES OBINNA IRO\.m2\repository\org\apache\maven\surefire\surefire-booter\3.0.0-M6\surefire-booter-3.0.0-M6.jar;C:\Users\CHARLES OBINNA IRO\.m2\repository\org\apache\maven\surefire\surefire-api\3.0.0-M6\surefire-api-3.0.0-M6.jar;C:\Users\CHARLES OBINNA IRO\.m2\repository\org\apache\maven\surefire\surefire-logger-api\3.0.0-M6\surefire-logger-api-3.0.0-M6.jar;C:\Users\CHARLES OBINNA IRO\.m2\repository\org\apache\maven\surefire\surefire-shared-utils\3.0.0-M6\surefire-shared-utils-3.0.0-M6.jar;C:\Users\CHARLES OBINNA IRO\.m2\repository\org\apache\maven\surefire\surefire-extensions-spi\3.0.0-M6\surefire-extensions-spi-3.0.0-M6.jar;C:\Users\CHARLES OBINNA IRO\IdeaProjects\CatpointAppProject3Javaprogramming\catpointParent\securityService\target\test-classes;C:\Users\CHARLES OBINNA IRO\.m2\repository\software\amazon\awssdk\aws-json-protocol\2.17.155\aws-json-protocol-2.17.155.jar;C:\Users\CHARLES OBINNA IRO\.m2\repository\software\amazon\awssdk\third-party-jackson-core\2.17.155\third-party-jackson-core-2.17.155.jar;C:\Users\CHARLES OBINNA IRO\.m2\repository\software\amazon\awssdk\json-utils\2.17.155\json-utils-2.17.155.jar;C:\Users\CHARLES OBINNA IRO\.m2\repository\software\amazon\awssdk\protocol-core\2.17.155\protocol-core-2.17.155.jar;C:\Users\CHARLES OBINNA IRO\.m2\repository\software\amazon\awssdk\profiles\2.17.155\profiles-2.17.155.jar;C:\Users\CHARLES OBINNA IRO\.m2\repository\org\reactivestreams\reactive-streams\1.0.3\reactive-streams-1.0.3.jar;C:\Users\CHARLES OBINNA IRO\.m2\repository\software\amazon\eventstream\eventstream\1.0.1\eventstream-1.0.1.jar;C:\Users\CHARLES OBINNA IRO\.m2\repository\software\amazon\awssdk\http-client-spi\2.17.155\http-client-spi-2.17.155.jar;C:\Users\CHARLES OBINNA IRO\.m2\repository\software\amazon\awssdk\annotations\2.17.155\annotations-2.17.155.jar;C:\Users\CHARLES OBINNA IRO\.m2\repository\software\amazon\awssdk\utils\2.17.155\utils-2.17.155.jar;C:\Users\CHARLES OBINNA IRO\.m2\repository\software\amazon\awssdk\aws-core\2.17.155\aws-core-2.17.155.jar;C:\Users\CHARLES OBINNA IRO\.m2\repository\software\amazon\awssdk\metrics-spi\2.17.155\metrics-spi-2.17.155.jar;C:\Users\CHARLES OBINNA IRO\.m2\repository\software\amazon\awssdk\apache-client\2.17.155\apache-client-2.17.155.jar;C:\Users\CHARLES OBINNA IRO\.m2\repository\org\apache\httpcomponents\httpclient\4.5.13\httpclient-4.5.13.jar;C:\Users\CHARLES OBINNA IRO\.m2\repository\commons-logging\commons-logging\1.2\commons-logging-1.2.jar;C:\Users\CHARLES OBINNA IRO\.m2\repository\commons-codec\commons-codec\1.11\commons-codec-1.11.jar;C:\Users\CHARLES OBINNA IRO\.m2\repository\org\apache\httpcomponents\httpcore\4.4.13\httpcore-4.4.13.jar;C:\Users\CHARLES OBINNA IRO\.m2\repository\software\amazon\awssdk\netty-nio-client\2.17.155\netty-nio-client-2.17.155.jar;C:\Users\CHARLES OBINNA IRO\.m2\repository\io\netty\netty-codec-http\4.1.72.Final\netty-codec-http-4.1.72.Final.jar;C:\Users\CHARLES OBINNA IRO\.m2\repository\io\netty\netty-codec-http2\4.1.72.Final\netty-codec-http2-4.1.72.Final.jar;C:\Users\CHARLES OBINNA IRO\.m2\repository\io\netty\netty-codec\4.1.72.Final\netty-codec-4.1.72.Final.jar;C:\Users\CHARLES OBINNA IRO\.m2\repository\io\netty\netty-transport\4.1.72.Final\netty-transport-4.1.72.Final.jar;C:\Users\CHARLES OBINNA IRO\.m2\repository\io\netty\netty-resolver\4.1.72.Final\netty-resolver-4.1.72.Final.jar;C:\Users\CHARLES OBINNA IRO\.m2\repository\io\netty\netty-common\4.1.72.Final\netty-common-4.1.72.Final.jar;C:\Users\CHARLES OBINNA IRO\.m2\repository\io\netty\netty-buffer\4.1.72.Final\netty-buffer-4.1.72.Final.jar;C:\Users\CHARLES OBINNA IRO\.m2\repository\io\netty\netty-handler\4.1.72.Final\netty-handler-4.1.72.Final.jar;C:\Users\CHARLES OBINNA IRO\.m2\repository\io\netty\netty-tcnative-classes\2.0.46.Final\netty-tcnative-classes-2.0.46.Final.jar;C:\Users\CHARLES OBINNA IRO\.m2\repository\io\netty\netty-transport-classes-epoll\4.1.72.Final\netty-transport-classes-epoll-4.1.72.Final.jar;C:\Users\CHARLES OBINNA IRO\.m2\repository\io\netty\netty-transport-native-unix-common\4.1.72.Final\netty-transport-native-unix-common-4.1.72.Final.jar;C:\Users\CHARLES OBINNA IRO\.m2\repository\com\typesafe\netty\netty-reactive-streams-http\2.0.5\netty-reactive-streams-http-2.0.5.jar;C:\Users\CHARLES OBINNA IRO\.m2\repository\com\typesafe\netty\netty-reactive-streams\2.0.5\netty-reactive-streams-2.0.5.jar;C:\Users\CHARLES OBINNA IRO\.m2\repository\com\google\guava\failureaccess\1.0.1\failureaccess-1.0.1.jar;C:\Users\CHARLES OBINNA IRO\.m2\repository\com\google\guava\listenablefuture\9999.0-empty-to-avoid-conflict-with-guava\listenablefuture-9999.0-empty-to-avoid-conflict-with-guava.jar;C:\Users\CHARLES OBINNA IRO\.m2\repository\com\google\code\findbugs\jsr305\3.0.2\jsr305-3.0.2.jar;C:\Users\CHARLES OBINNA IRO\.m2\repository\org\checkerframework\checker-qual\3.12.0\checker-qual-3.12.0.jar;C:\Users\CHARLES OBINNA IRO\.m2\repository\com\google\errorprone\error_prone_annotations\2.11.0\error_prone_annotations-2.11.0.jar;C:\Users\CHARLES OBINNA IRO\.m2\repository\com\google\j2objc\j2objc-annotations\1.3\j2objc-annotations-1.3.jar;C:\Users\CHARLES OBINNA IRO\.m2\repository\org\junit\jupiter\junit-jupiter\5.6.2\junit-jupiter-5.6.2.jar;C:\Users\CHARLES OBINNA IRO\.m2\repository\org\junit\jupiter\junit-jupiter-api\5.6.2\junit-jupiter-api-5.6.2.jar;C:\Users\CHARLES OBINNA IRO\.m2\repository\org\apiguardian\apiguardian-api\1.1.0\apiguardian-api-1.1.0.jar;C:\Users\CHARLES OBINNA IRO\.m2\repository\org\opentest4j\opentest4j\1.2.0\opentest4j-1.2.0.jar;C:\Users\CHARLES OBINNA IRO\.m2\repository\org\junit\platform\junit-platform-commons\1.6.2\junit-platform-commons-1.6.2.jar;C:\Users\CHARLES OBINNA IRO\.m2\repository\org\junit\jupiter\junit-jupiter-params\5.6.2\junit-jupiter-params-5.6.2.jar;C:\Users\CHARLES OBINNA IRO\.m2\repository\org\junit\jupiter\junit-jupiter-engine\5.6.2\junit-jupiter-engine-5.6.2.jar;C:\Users\CHARLES OBINNA IRO\.m2\repository\org\junit\platform\junit-platform-engine\1.6.2\junit-platform-engine-1.6.2.jar;C:\Users\CHARLES OBINNA IRO\.m2\repository\org\mockito\mockito-junit-jupiter\4.4.0\mockito-junit-jupiter-4.4.0.jar;C:\Users\CHARLES OBINNA IRO\.m2\repository\org\mockito\mockito-core\4.4.0\mockito-core-4.4.0.jar;C:\Users\CHARLES OBINNA IRO\.m2\repository\net\bytebuddy\byte-buddy\1.12.8\byte-buddy-1.12.8.jar;C:\Users\CHARLES OBINNA IRO\.m2\repository\net\bytebuddy\byte-buddy-agent\1.12.8\byte-buddy-agent-1.12.8.jar;C:\Users\CHARLES OBINNA IRO\.m2\repository\org\objenesis\objenesis\3.2\objenesis-3.2.jar;C:\Users\CHARLES OBINNA IRO\.m2\repository\org\apache\maven\surefire\surefire-junit-platform\3.0.0-M6\surefire-junit-platform-3.0.0-M6.jar;C:\Users\CHARLES OBINNA IRO\.m2\repository\org\apache\maven\surefire\common-java5\3.0.0-M6\common-java5-3.0.0-M6.jar;C:\Users\CHARLES OBINNA IRO\.m2\repository\org\junit\platform\junit-platform-launcher\1.6.2\junit-platform-launcher-1.6.2.jar"/>
    <property name="user.script" value=""/>
    <property name="sun.management.compiler" value="HotSpot 64-Bit Tiered Compilers"/>
    <property name="java.runtime.version" value="14+36-1461"/>
    <property name="user.name" value="CHARLES OBINNA IRO"/>
    <property name="path.separator" value=";"/>
    <property name="os.version" value="10.0"/>
    <property name="java.runtime.name" value="Java(TM) SE Runtime Environment"/>
    <property name="file.encoding" value="Cp1252"/>
    <property name="java.vm.name" value="Java HotSpot(TM) 64-Bit Server VM"/>
    <property name="localRepository" value="C:\Users\CHARLES OBINNA IRO\.m2\repository"/>
    <property name="java.vendor.url.bug" value="https://bugreport.java.com/bugreport/"/>
    <property name="java.io.tmpdir" value="C:\Users\CHARLE~1\AppData\Local\Temp\"/>
    <property name="java.version" value="14"/>
    <property name="user.dir" value="C:\Users\CHARLES OBINNA IRO\IdeaProjects\CatpointAppProject3Javaprogramming\catpointParent\securityService"/>
    <property name="os.arch" value="amd64"/>
    <property name="java.vm.specification.name" value="Java Virtual Machine Specification"/>
    <property name="sun.os.patch.level" value=""/>
    <property name="java.library.path" value="C:\Program Files\Java\jdk-14\bin;C:\WINDOWS\Sun\Java\bin;C:\WINDOWS\system32;C:\WINDOWS;C:\WINDOWS\system32;C:\WINDOWS;C:\WINDOWS\System32\Wbem;C:\WINDOWS\System32\WindowsPowerShell\v1.0\;C:\WINDOWS\System32\OpenSSH\;C:\python36;C:\python36\Scripts;C:\Program Files\dotnet\;C:\Program Files\Microsoft SQL Server\130\Tools\Binn\;C:\Program Files\Microsoft SQL Server\Client SDK\ODBC\170\Tools\Binn\;C:\Program Files\Amazon\AWSCLIV2\;C:\Users\anaconda3\Scripts\conda.exe;C:\Users\anaconda3\bin;C:\Program Files\Git\cmd;C:\Program Files\PuTTY\;C:\Program Files\Go\bin;C:\Program Files\Docker\Docker\resources\bin;C:\ProgramData\DockerDesktop\version-bin;C:\maven\apache-maven-3.8.4\bin;C:\Program Files\Java\jdk-14\bin;C:\Spark\spark-3.0.3-bin-hadoop2.7\bin;C:\Program Files\MySQL\MySQL Shell 8.0\bin\;C:\Users\CHARLES OBINNA IRO\AppData\Local\Microsoft\WindowsApps;C:\Users\CHARLES OBINNA IRO\.dotnet\tools;C:\Spark\spark-3.0.3-bin-hadoop2.7\bin;C:\Users\CHARLES OBINNA IRO\airflow;C:\Users\CHARLES OBINNA IRO\AppData\Local\atom\bin;C:\Users\CHARLES OBINNA IRO\go\bin;C:\Users\CHARLES OBINNA IRO\;C:\Users\&apos;CHARLES OBINNA IRO&apos;\;C:\Users\CHARLES OBINNA IRO\Desktop\Atom.lnk;C:\Program Files\JetBrains\IntelliJ IDEA Community Edition 2021.3\bin;;C:\Program Files\Java\jdk-14\bin;;."/>
    <property name="java.vm.info" value="mixed mode"/>
    <property name="java.vendor" value="Oracle Corporation"/>
    <property name="java.vm.version" value="14+36-1461"/>
    <property name="sun.io.unicode.encoding" value="UnicodeLittle"/>
    <property name="java.class.version" value="58.0"/>
  </properties>
  <testcase name="all_sensors_INACTIVE_alarmStatus_PENDING_ALARM_Set_alarmStatusTO_NO_ALARM(Sensor, Boolean, Set, ArmingStatus)[1]" classname="com.catpoint.jpnd.securityService.service.SecurityServiceTest" time="1.217"/>
  <testcase name="all_sensors_INACTIVE_alarmStatus_PENDING_ALARM_Set_alarmStatusTO_NO_ALARM(Sensor, Boolean, Set, ArmingStatus)[2]" classname="com.catpoint.jpnd.securityService.service.SecurityServiceTest" time="0"/>
  <testcase name="alarm_ARMED_sensor_ACTIVATE_alarmStatus_No_ALARM_Set_AlarmStatusTo_Pending_ALARM(Sensor, Boolean, Set, ArmingStatus)[1]" classname="com.catpoint.jpnd.securityService.service.SecurityServiceTest" time="0.016"/>
  <testcase name="alarm_ARMED_sensor_ACTIVATE_alarmStatus_No_ALARM_Set_AlarmStatusTo_Pending_ALARM(Sensor, Boolean, Set, ArmingStatus)[2]" classname="com.catpoint.jpnd.securityService.service.SecurityServiceTest" time="0.015"/>
  <testcase name="NO_CAT_IDENTIFIED_sensors_NOT_ACTIVE_SetTO_NO_ALARM(BufferedImage, Set)[1]" classname="com.catpoint.jpnd.securityService.service.SecurityServiceTest" time="0.013"/>
  <testcase name="NO_CAT_IDENTIFIED_sensors_NOT_ACTIVE_SetTO_NO_ALARM(BufferedImage, Set)[2]" classname="com.catpoint.jpnd.securityService.service.SecurityServiceTest" time="0.008"/>
  <testcase name="alarm_ARMED_sensor_ACTIVATED_alarmStatus_PENDING_ALARM_Set_alarmStatusTo_ALARM(Sensor, Boolean, Set, ArmingStatus)[1]" classname="com.catpoint.jpnd.securityService.service.SecurityServiceTest" time="0"/>
  <testcase name="alarm_ARMED_sensor_ACTIVATED_alarmStatus_PENDING_ALARM_Set_alarmStatusTo_ALARM(Sensor, Boolean, Set, ArmingStatus)[2]" classname="com.catpoint.jpnd.securityService.service.SecurityServiceTest" time="0.015"/>
  <testcase name="alarm_ACTIVE_Change_in_sensor_State_Should_not_affect_Alarm_State(Sensor, Boolean, Set, ArmingStatus)[1]" classname="com.catpoint.jpnd.securityService.service.SecurityServiceTest" time="0.016"/>
  <testcase name="alarm_ACTIVE_Change_in_sensor_State_Should_not_affect_Alarm_State(Sensor, Boolean, Set, ArmingStatus)[2]" classname="com.catpoint.jpnd.securityService.service.SecurityServiceTest" time="0.015"/>
  <testcase name="system_ARMED_HOME_cat_IDENTIFIED_Set_AlarmStatusTO_ALARM(BufferedImage, Set)[1]" classname="com.catpoint.jpnd.securityService.service.SecurityServiceTest" time="0.016"/>
  <testcase name="system_ARMED_HOME_cat_IDENTIFIED_Set_AlarmStatusTO_ALARM(BufferedImage, Set)[2]" classname="com.catpoint.jpnd.securityService.service.SecurityServiceTest" time="0.016"/>
  <testcase name="system_DISARMED_Set_all_AlarmStatusTO_NO_ALARM(ArmingStatus, ArmingStatus)[1]" classname="com.catpoint.jpnd.securityService.service.SecurityServiceTest" time="0.015"/>
  <testcase name="system_DISARMED_Set_all_AlarmStatusTO_NO_ALARM(ArmingStatus, ArmingStatus)[2]" classname="com.catpoint.jpnd.securityService.service.SecurityServiceTest" time="0"/>
  <testcase name="cat_image_IDENTIFIED_system_ARMED_HOME_Set_alarmStatusTO_ALARM(BufferedImage, Set)[1]" classname="com.catpoint.jpnd.securityService.service.SecurityServiceTest" time="0"/>
  <testcase name="cat_image_IDENTIFIED_system_ARMED_HOME_Set_alarmStatusTO_ALARM(BufferedImage, Set)[2]" classname="com.catpoint.jpnd.securityService.service.SecurityServiceTest" time="0.016"/>
  <testcase name="sensor_ACTIVATE_while_already_ACTIVE_and_alarmStatus_PENDING_ALARM_Set_alarmStatusTO_ALARM(Sensor, Boolean, Set, ArmingStatus)[1]" classname="com.catpoint.jpnd.securityService.service.SecurityServiceTest" time="0.015"/>
  <testcase name="sensor_ACTIVATE_while_already_ACTIVE_and_alarmStatus_PENDING_ALARM_Set_alarmStatusTO_ALARM(Sensor, Boolean, Set, ArmingStatus)[2]" classname="com.catpoint.jpnd.securityService.service.SecurityServiceTest" time="0.016"/>
  <testcase name="system_ARMED_Reset_all_SensorsTo_INACTIVE(Set, ArmingStatus)[1]" classname="com.catpoint.jpnd.securityService.service.SecurityServiceTest" time="0.016"/>
  <testcase name="system_ARMED_Reset_all_SensorsTo_INACTIVE(Set, ArmingStatus)[2]" classname="com.catpoint.jpnd.securityService.service.SecurityServiceTest" time="0"/>
  <testcase name="sensor_DEACTIVATE_while_already_INACTIVE_DoNothing(Sensor, Boolean, Set, ArmingStatus)[1]" classname="com.catpoint.jpnd.securityService.service.SecurityServiceTest" time="0"/>
  <testcase name="sensor_DEACTIVATE_while_already_INACTIVE_DoNothing(Sensor, Boolean, Set, ArmingStatus)[2]" classname="com.catpoint.jpnd.securityService.service.SecurityServiceTest" time="0.016"/>
</testsuite>